<?xml version="1.0" encoding="UTF-8"?>
<!-- Generated by org.testng.reporters.JUnitReportReporter -->
<testsuite hostname="LAPTOP-9AVSRCSC" failures="0" tests="1" name="AirbnbRunner.AppLaunch" time="3.499" errors="1" timestamp="2022-06-29T11:16:48 IST" skipped="0">
  <testcase classname="AirbnbRunner.AppLaunch" name="laun" time="3.499">
    <error message="invalid argument
  (Session info: chrome=103.0.5060.66)
Build info: version: &#039;4.0.0&#039;, revision: &#039;3a21814679&#039;
System info: host: &#039;LAPTOP-9AVSRCSC&#039;, ip: &#039;192.168.0.111&#039;, os.name: &#039;Windows 10&#039;, os.arch: &#039;amd64&#039;, os.version: &#039;10.0&#039;, java.version: &#039;11&#039;
Driver info: org.openqa.selenium.chrome.ChromeDriver
Command: [f0b95df4c703d6d02a38661df11c661f, get {url=www.google.com}]
Capabilities {acceptInsecureCerts: false, browserName: chrome, browserVersion: 103.0.5060.66, chrome: {chromedriverVersion: 102.0.5005.61 (0e59bcc00cc4..., userDataDir: C:\Users\RAHUL\AppData\Loca...}, goog:chromeOptions: {debuggerAddress: localhost:59764}, javascriptEnabled: true, networkConnectionEnabled: false, pageLoadStrategy: normal, platform: WINDOWS, platformName: WINDOWS, proxy: Proxy(), se:cdp: ws://localhost:59764/devtoo..., se:cdpVersion: 103.0.5060.66, setWindowRect: true, strictFileInteractability: false, timeouts: {implicit: 0, pageLoad: 300000, script: 30000}, unhandledPromptBehavior: dismiss and notify, webauthn:extension:credBlob: true, webauthn:extension:largeBlob: true, webauthn:virtualAuthenticators: true}
Session ID: f0b95df4c703d6d02a38661df11c661f" type="org.openqa.selenium.InvalidArgumentException">
      <![CDATA[org.openqa.selenium.InvalidArgumentException: invalid argument
  (Session info: chrome=103.0.5060.66)
Build info: version: '4.0.0', revision: '3a21814679'
System info: host: 'LAPTOP-9AVSRCSC', ip: '192.168.0.111', os.name: 'Windows 10', os.arch: 'amd64', os.version: '10.0', java.version: '11'
Driver info: org.openqa.selenium.chrome.ChromeDriver
Command: [f0b95df4c703d6d02a38661df11c661f, get {url=www.google.com}]
Capabilities {acceptInsecureCerts: false, browserName: chrome, browserVersion: 103.0.5060.66, chrome: {chromedriverVersion: 102.0.5005.61 (0e59bcc00cc4..., userDataDir: C:\Users\RAHUL\AppData\Loca...}, goog:chromeOptions: {debuggerAddress: localhost:59764}, javascriptEnabled: true, networkConnectionEnabled: false, pageLoadStrategy: normal, platform: WINDOWS, platformName: WINDOWS, proxy: Proxy(), se:cdp: ws://localhost:59764/devtoo..., se:cdpVersion: 103.0.5060.66, setWindowRect: true, strictFileInteractability: false, timeouts: {implicit: 0, pageLoad: 300000, script: 30000}, unhandledPromptBehavior: dismiss and notify, webauthn:extension:credBlob: true, webauthn:extension:largeBlob: true, webauthn:virtualAuthenticators: true}
Session ID: f0b95df4c703d6d02a38661df11c661f
at java.base/jdk.internal.reflect.NativeConstructorAccessorImpl.newInstance0(Native Method)
at java.base/jdk.internal.reflect.NativeConstructorAccessorImpl.newInstance(NativeConstructorAccessorImpl.java:62)
at java.base/jdk.internal.reflect.DelegatingConstructorAccessorImpl.newInstance(DelegatingConstructorAccessorImpl.java:45)
at java.base/java.lang.reflect.Constructor.newInstance(Constructor.java:490)
at org.openqa.selenium.remote.codec.w3c.W3CHttpResponseCodec.createException(W3CHttpResponseCodec.java:200)
at org.openqa.selenium.remote.codec.w3c.W3CHttpResponseCodec.decode(W3CHttpResponseCodec.java:133)
at org.openqa.selenium.remote.codec.w3c.W3CHttpResponseCodec.decode(W3CHttpResponseCodec.java:53)
at org.openqa.selenium.remote.HttpCommandExecutor.execute(HttpCommandExecutor.java:184)
at org.openqa.selenium.remote.service.DriverCommandExecutor.invokeExecute(DriverCommandExecutor.java:164)
at org.openqa.selenium.remote.service.DriverCommandExecutor.execute(DriverCommandExecutor.java:139)
at org.openqa.selenium.remote.RemoteWebDriver.execute(RemoteWebDriver.java:559)
at org.openqa.selenium.remote.RemoteWebDriver.get(RemoteWebDriver.java:328)
at AirbnbRunner.AppLaunch.laun(AppLaunch.java:19)
at java.base/jdk.internal.reflect.NativeMethodAccessorImpl.invoke0(Native Method)
at java.base/jdk.internal.reflect.NativeMethodAccessorImpl.invoke(NativeMethodAccessorImpl.java:62)
at java.base/jdk.internal.reflect.DelegatingMethodAccessorImpl.invoke(DelegatingMethodAccessorImpl.java:43)
at java.base/java.lang.reflect.Method.invoke(Method.java:566)
at org.testng.internal.MethodInvocationHelper.invokeMethod(MethodInvocationHelper.java:132)
at org.testng.internal.TestInvoker.invokeMethod(TestInvoker.java:599)
at org.testng.internal.TestInvoker.invokeTestMethod(TestInvoker.java:174)
at org.testng.internal.MethodRunner.runInSequence(MethodRunner.java:46)
at org.testng.internal.TestInvoker$MethodInvocationAgent.invoke(TestInvoker.java:822)
at org.testng.internal.TestInvoker.invokeTestMethods(TestInvoker.java:147)
at org.testng.internal.TestMethodWorker.invokeTestMethods(TestMethodWorker.java:146)
at org.testng.internal.TestMethodWorker.run(TestMethodWorker.java:128)
at java.base/java.util.ArrayList.forEach(ArrayList.java:1540)
at org.testng.TestRunner.privateRun(TestRunner.java:764)
at org.testng.TestRunner.run(TestRunner.java:585)
at org.testng.SuiteRunner.runTest(SuiteRunner.java:384)
at org.testng.SuiteRunner.runSequentially(SuiteRunner.java:378)
at org.testng.SuiteRunner.privateRun(SuiteRunner.java:337)
at org.testng.SuiteRunner.run(SuiteRunner.java:286)
at org.testng.SuiteRunnerWorker.runSuite(SuiteRunnerWorker.java:53)
at org.testng.SuiteRunnerWorker.run(SuiteRunnerWorker.java:96)
at org.testng.TestNG.runSuitesSequentially(TestNG.java:1218)
at org.testng.TestNG.runSuitesLocally(TestNG.java:1140)
at org.testng.TestNG.runSuites(TestNG.java:1069)
at org.testng.TestNG.run(TestNG.java:1037)
at org.testng.remote.AbstractRemoteTestNG.run(AbstractRemoteTestNG.java:115)
at org.testng.remote.RemoteTestNG.initAndRun(RemoteTestNG.java:251)
at org.testng.remote.RemoteTestNG.main(RemoteTestNG.java:77)
]]>
    </error>
  </testcase> <!-- laun -->
  <system-out/>
</testsuite> <!-- AirbnbRunner.AppLaunch -->
